<?xml version="1.0" encoding="UTF-8"?>
<!-- Generated by org.testng.reporters.JUnitReportReporter -->
<testsuite skipped="2" hostname="LAPTOP-N04AR20A" name="TestNGConcepts.IgnoreDemo" tests="4" failures="0" timestamp="10 Aug 2019 03:03:38 GMT" time="0.015" errors="0">
  <testcase name="Test2" time="0.001" classname="TestNGConcepts.IgnoreDemo"/>
  <testcase name="Test1" time="0.014" classname="TestNGConcepts.IgnoreDemo"/>
  <testcase name="Test3" classname="TestNGConcepts.IgnoreDemo">
    <skipped/>
  </testcase> <!-- Test3 -->
  <testcase name="Test4" classname="TestNGConcepts.IgnoreDemo">
    <skipped/>
  </testcase> <!-- Test4 -->
</testsuite> <!-- TestNGConcepts.IgnoreDemo -->
