<?xml version="1.0" encoding="UTF-8"?>
<!-- Generated by org.testng.reporters.JUnitReportReporter -->
<testsuite skipped="0" hostname="LAPTOP-N04AR20A" name="TestNGConcepts.TestNGBasics" tests="3" failures="0" timestamp="13 Aug 2019 02:54:33 GMT" time="0.004" errors="0">
  <testcase name="Test3" time="0.001" classname="TestNGConcepts.TestNGBasics"/>
  <testcase name="Test1" time="0.001" classname="TestNGConcepts.TestNGBasics"/>
  <testcase name="Test2" time="0.002" classname="TestNGConcepts.TestNGBasics"/>
</testsuite> <!-- TestNGConcepts.TestNGBasics -->
