<?xml version="1.0" encoding="UTF-8"?>
<!-- Generated by org.testng.reporters.JUnitReportReporter -->
<testsuite skipped="0" hostname="LAPTOP-N04AR20A" name="TestNGConcepts.FirstDemo" tests="1" failures="0" timestamp="10 Aug 2019 02:34:07 GMT" time="11.146" errors="0">
  <testcase name="f" time="11.146" classname="TestNGConcepts.FirstDemo"/>
</testsuite> <!-- TestNGConcepts.FirstDemo -->
