<?xml version="1.0" encoding="UTF-8"?>
<!-- Generated by org.testng.reporters.JUnitReportReporter -->
<testsuite skipped="0" hostname="LAPTOP-N04AR20A" name="TestNGConcepts.ExcelDataProvider" tests="4" failures="0" timestamp="16 Aug 2019 03:08:48 GMT" time="30.394" errors="0">
  <testcase name="test1" time="7.167" classname="TestNGConcepts.ExcelDataProvider"/>
  <testcase name="test1" time="9.303" classname="TestNGConcepts.ExcelDataProvider"/>
  <testcase name="test1" time="7.073" classname="TestNGConcepts.ExcelDataProvider"/>
  <testcase name="test1" time="6.851" classname="TestNGConcepts.ExcelDataProvider"/>
</testsuite> <!-- TestNGConcepts.ExcelDataProvider -->
