<?xml version="1.0" encoding="UTF-8"?>
<!-- Generated by org.testng.reporters.JUnitReportReporter -->
<testsuite skipped="1" hostname="LAPTOP-N04AR20A" name="TestNGConcepts.InvocationCountTimeOut" tests="2" failures="0" timestamp="10 Aug 2019 03:21:24 GMT" time="0.023" errors="1">
  <testcase name="infiniteLoop" time="0.023" classname="TestNGConcepts.InvocationCountTimeOut">
    <error type="org.testng.internal.thread.ThreadTimeoutException" message="Method TestNGConcepts.InvocationCountTimeOut.infiniteLoop() didn&#039;t finish within the time-out 5">
      <![CDATA[org.testng.internal.thread.ThreadTimeoutException: Method TestNGConcepts.InvocationCountTimeOut.infiniteLoop() didn't finish within the time-out 5
at java.io.FileOutputStream.writeBytes(Native Method)
at java.io.FileOutputStream.write(Unknown Source)
at java.io.BufferedOutputStream.flushBuffer(Unknown Source)
at java.io.BufferedOutputStream.flush(Unknown Source)
at java.io.PrintStream.write(Unknown Source)
at sun.nio.cs.StreamEncoder.writeBytes(Unknown Source)
at sun.nio.cs.StreamEncoder.implFlushBuffer(Unknown Source)
at sun.nio.cs.StreamEncoder.flushBuffer(Unknown Source)
at java.io.OutputStreamWriter.flushBuffer(Unknown Source)
at java.io.PrintStream.newLine(Unknown Source)
at java.io.PrintStream.println(Unknown Source)
at TestNGConcepts.InvocationCountTimeOut.infiniteLoop(InvocationCountTimeOut.java:24)
at sun.reflect.NativeMethodAccessorImpl.invoke0(Native Method)
at sun.reflect.NativeMethodAccessorImpl.invoke(Unknown Source)
at sun.reflect.DelegatingMethodAccessorImpl.invoke(Unknown Source)
at java.lang.reflect.Method.invoke(Unknown Source)
at org.testng.internal.MethodInvocationHelper.invokeMethod(MethodInvocationHelper.java:124)
at org.testng.internal.InvokeMethodRunnable.runOne(InvokeMethodRunnable.java:54)
at org.testng.internal.InvokeMethodRunnable.run(InvokeMethodRunnable.java:40)
at java.util.concurrent.Executors$RunnableAdapter.call(Unknown Source)
at java.util.concurrent.FutureTask.run(Unknown Source)
at java.util.concurrent.ThreadPoolExecutor.runWorker(Unknown Source)
at java.util.concurrent.ThreadPoolExecutor$Worker.run(Unknown Source)
at java.lang.Thread.run(Unknown Source)
]]>
    </error>
  </testcase> <!-- infiniteLoop -->
  <testcase name="sum" classname="TestNGConcepts.InvocationCountTimeOut">
    <skipped/>
  </testcase> <!-- sum -->
</testsuite> <!-- TestNGConcepts.InvocationCountTimeOut -->
