<?xml version="1.0" encoding="UTF-8"?>
<!-- Generated by org.testng.reporters.JUnitReportReporter -->
<testsuite skipped="0" hostname="LAPTOP-N04AR20A" name="TestNGConcepts.MulipleBrowserParallel" tests="2" failures="0" timestamp="15 Aug 2019 02:24:48 GMT" time="24.862" errors="0">
  <testcase name="GoogleTitle" time="12.128" classname="TestNGConcepts.MulipleBrowserParallel"/>
  <testcase name="GoogleTitle" time="12.734" classname="TestNGConcepts.MulipleBrowserParallel"/>
</testsuite> <!-- TestNGConcepts.MulipleBrowserParallel -->
