<?xml version="1.0" encoding="UTF-8"?>
<!-- Generated by org.testng.reporters.JUnitReportReporter -->
<testsuite skipped="0" hostname="LAPTOP-N04AR20A" name="TestNGConcepts.ExceptionHandling" tests="2" failures="0" timestamp="10 Aug 2019 03:28:09 GMT" time="0.011" errors="0">
  <testcase name="test1" time="0.010" classname="TestNGConcepts.ExceptionHandling"/>
  <testcase name="test2" time="0.001" classname="TestNGConcepts.ExceptionHandling"/>
</testsuite> <!-- TestNGConcepts.ExceptionHandling -->
