<?xml version="1.0" encoding="UTF-8"?>
<!-- Generated by org.testng.reporters.JUnitReportReporter -->
<testsuite skipped="0" hostname="LAPTOP-N04AR20A" name="TestNGConcepts.PriorityDemo" tests="4" failures="0" timestamp="10 Aug 2019 03:00:32 GMT" time="0.009" errors="0">
  <testcase name="Test3" time="0.007" classname="TestNGConcepts.PriorityDemo"/>
  <testcase name="Test4" time="0.001" classname="TestNGConcepts.PriorityDemo"/>
  <testcase name="Test1" time="0.001" classname="TestNGConcepts.PriorityDemo"/>
  <testcase name="Test2" time="0.000" classname="TestNGConcepts.PriorityDemo"/>
</testsuite> <!-- TestNGConcepts.PriorityDemo -->
