<?xml version="1.0" encoding="UTF-8"?>
<!-- Generated by org.testng.reporters.JUnitReportReporter -->
<testsuite skipped="0" hostname="LAPTOP-N04AR20A" name="TestNGConcepts.GroupsDemo" tests="6" failures="0" timestamp="13 Aug 2019 02:54:33 GMT" time="0.016" errors="0">
  <testcase name="test2" time="0.002" classname="TestNGConcepts.GroupsDemo"/>
  <testcase name="test5" time="0.001" classname="TestNGConcepts.GroupsDemo"/>
  <testcase name="test3" time="0.002" classname="TestNGConcepts.GroupsDemo"/>
  <testcase name="test1" time="0.007" classname="TestNGConcepts.GroupsDemo"/>
  <testcase name="test4" time="0.002" classname="TestNGConcepts.GroupsDemo"/>
  <testcase name="test6" time="0.002" classname="TestNGConcepts.GroupsDemo"/>
</testsuite> <!-- TestNGConcepts.GroupsDemo -->
